number,value,datetime_start,datetime_complete,duration,params_colsample_bytree,params_gamma,params_hard_boost,params_learning_rate,params_max_bin,params_max_depth,params_min_child_weight,params_reg_alpha,params_reg_lambda,params_subsample,user_attrs_best_iteration,system_attrs_fixed_params,state
0,0.9287779529345788,2026-09-25 16:00:36.183932,2026-09-25 16:00:55.139795,0 days 00:00:18.955863,0.8,0.0,1.0,0.08,256,10,5.0,0.001,1.0,0.8,138,"{'learning_rate': 0.08, 'max_depth': 10, 'min_child_weight': 5, 'subsample': 0.8, 'colsample_bytree': 0.8, 'gamma': 0.0, 'reg_lambda': 1.0, 'reg_alpha': 0.001, 'max_bin': 256, 'hard_boost': 1.0}",COMPLETE
1,0.9289136665211777,2026-09-25 16:00:55.139795,2026-09-25 16:01:24.565218,0 days 00:00:29.425423,0.5780093202212182,0.7799726016810132,1.041168988591605,0.061053157936408836,512,14,8.960785365368121,0.7232250142857393,0.5950295391592122,0.8394633936788146,344,,COMPLETE
2,0.9284581076169559,2026-09-25 16:01:24.565218,2026-09-25 16:01:35.812389,0 days 00:00:11.247171,0.5917022549267169,1.5212112147976886,1.2789877213040837,0.1889028280863132,512,13,1.8891200276189386,0.02666020367873237,2.4082072654535422,0.6727299868828402,115,,COMPLETE
3,0.9269717846930141,2026-09-25 16:01:35.812389,2026-09-25 16:01:55.529056,0 days 00:00:19.716667,0.5998368910791798,2.571172192068058,1.130103185970559,0.05221818641025601,256,9,3.920673972242136,0.0014234237430895472,2.949301205216348,0.9140703845572055,340,,COMPLETE
4,0.9270747997709085,2026-09-25 16:01:55.529056,2026-09-25 16:02:09.534563,0 days 00:00:14.005507,0.5488360570031919,3.4211651325607844,2.818640804157564,0.18151659785390098,256,14,11.265466963346027,0.0025284354680721634,1.8690529340958983,0.7218455076693483,266,,COMPLETE
5,0.9278732451369749,2026-09-25 16:02:09.534563,2026-09-25 16:02:44.739203,0 days 00:00:35.204640,0.7733551396716398,0.9242722776276352,2.19579995762217,0.049015376570470164,256,11,2.544166090938367,0.36202344812619097,9.129115219600122,0.8080272084711243,497,,COMPLETE
6,0.9272412666742045,2026-09-25 16:02:44.739203,2026-09-25 16:02:57.289078,0 days 00:00:12.549875,0.6626651653816322,1.9433864484474102,2.085392166316497,0.17244932349602243,256,6,1.7987863473362906,0.5441108375656198,1.1272058498680244,0.6180909155642152,251,,COMPLETE
7,0.928752127879813,2026-09-25 16:02:57.289078,2026-09-25 16:03:49.053185,0 days 00:00:51.764107,0.8861223846483287,0.993578407670862,2.5425406933718913,0.03919493562523032,512,13,1.2502377950801113,0.4918839315632669,0.5083401870011434,0.9947547746402069,395,,COMPLETE
8,0.9284364289601305,2026-09-25 16:03:49.053185,2026-09-25 16:04:26.178491,0 days 00:00:37.125306,0.811649063413779,1.654490124263246,2.2751149427104265,0.03452449148313692,512,9,1.414976157494142,0.010630702683751063,0.6048689963516921,0.9452413703502374,452,,COMPLETE
9,0.928001466840404,2026-09-25 16:04:26.178491,2026-09-25 16:04:47.822876,0 days 00:00:21.644385,0.8803925243084487,2.8063859878474813,1.0508382534881904,0.16147436613606966,256,10,1.4308552498147842,0.04266129901139966,5.0352545564500755,0.885297914889198,512,,COMPLETE
10,0.9269836318439441,2026-09-25 16:04:47.824442,2026-09-25 16:05:14.446324,0 days 00:00:26.621882,0.9809131894719101,4.538323976412588,1.759208486840447,0.100378116285604,512,6,18.255631599020607,1.5416264585962902,8.864628375957619,0.8159033598671284,659,,COMPLETE
11,0.9284861202971075,2026-09-25 16:05:14.446324,2026-09-25 16:05:38.551733,0 days 00:00:24.105409,0.7050561849685029,0.09156489730732309,1.501713677111522,0.07846837528889972,512,12,6.207428769648086,0.08977707054953975,0.9691208531279585,0.8005798699579056,148,,COMPLETE
12,0.9281474828296161,2026-09-25 16:05:38.551733,2026-09-25 16:06:02.930473,0 days 00:00:24.378740,0.5162833498936371,0.16792942467236127,1.475877665421104,0.08352835880382234,256,8,6.841942765916537,0.005620729570612686,0.9723354261783205,0.7509977141542071,234,,COMPLETE
13,0.9292764688324404,2026-09-25 16:06:02.930473,2026-09-25 16:06:35.381689,0 days 00:00:32.451216,0.700477984841022,0.559880584990722,1.0035028113102762,0.06503688189692303,512,14,6.5323618455922094,0.20677245699819605,1.4022543376640388,0.865362571444793,254,,COMPLETE
14,0.928459329032032,2026-09-25 16:06:35.381689,2026-09-25 16:07:03.299495,0 days 00:00:27.917806,0.6775767799392077,0.6911492556073193,1.4065620019780551,0.058861853803178904,512,14,11.001147454645173,0.15289217048070947,1.6329839319734456,0.8622037271079548,258,,COMPLETE
15,0.9291772937197229,2026-09-25 16:07:03.299495,2026-09-25 16:07:21.559016,0 days 00:00:18.259521,0.6189696903017465,0.8536922566193804,1.8068975286430105,0.11526364406577921,512,14,9.776042572157433,1.7133357647739256,0.6654882354230481,0.8569448224557982,164,,COMPLETE
16,0.9291379688940488,2026-09-25 16:07:21.559016,2026-09-25 16:07:37.061577,0 days 00:00:15.502561,0.7184976690392566,2.152260414518054,1.8125497886498005,0.12081651550140804,512,12,14.832231838719801,0.16706141077038264,1.5263955435903078,0.9765265472626663,113,,COMPLETE
17,0.9296023490496845,2026-09-25 16:07:37.061577,2026-09-25 16:07:53.000802,0 days 00:00:15.939225,0.6429106870088556,1.3995104621750438,1.7107120849117017,0.12912672619744828,512,13,3.586656628585957,1.5705665956097656,0.7122409535813459,0.9183471047574291,133,,COMPLETE
18,0.9287458376417083,2026-09-25 16:07:53.001804,2026-09-25 16:08:08.458369,0 days 00:00:15.456565,0.7451939843509772,3.713801476083931,1.6317345905260752,0.13941223188734303,512,12,3.116661050547903,0.24655681497798013,3.3865079667708895,0.9265003153095208,90,,COMPLETE
19,0.928668009237196,2026-09-25 16:08:08.459374,2026-09-25 16:08:36.241003,0 days 00:00:27.781629,0.641984258764554,1.4053747892567892,2.550456558335208,0.09847239309190023,512,13,4.560393361148368,0.061771245097884384,0.7713659887196994,0.894993704428906,168,,COMPLETE
20,0.9281845507116049,2026-09-25 16:08:36.241003,2026-09-25 16:09:11.931317,0 days 00:00:35.690314,0.8593697666461242,2.4409324281843374,1.9412618448364685,0.04245123881754287,512,11,2.8946679394653625,1.0871970888245654,1.3215578234908807,0.9567091388803254,321,,COMPLETE
21,0.9279250995432787,2026-09-25 16:09:11.931317,2026-09-25 16:09:31.825117,0 days 00:00:19.893800,0.631901097340059,0.5190362873061013,1.9459512544804274,0.1402516669336901,512,14,7.615642954250085,1.5058211544696387,0.7428906585991976,0.8619639775391913,124,,COMPLETE
22,0.9283364492753188,2026-09-25 16:09:31.825117,2026-09-25 16:09:51.739105,0 days 00:00:19.913988,0.5071969601466384,1.2175500580059708,1.256362351116268,0.10942285430918708,512,13,5.169654836728327,1.9911038955723326,0.7452800048572003,0.765836702637975,247,,COMPLETE
23,0.9287793311312793,2026-09-25 16:09:51.739105,2026-09-25 16:10:18.096201,0 days 00:00:26.357096,0.6306217198990877,0.542755511518296,1.6464609053724546,0.06844679570367124,512,14,9.324499687073548,0.8500231556588635,2.0423206237816465,0.8759602238386306,260,,COMPLETE
24,0.9284254972542488,2026-09-25 16:10:18.096201,2026-09-25 16:10:32.373542,0 days 00:00:14.277341,0.6947474192922649,1.6882636952023637,2.3760214154752948,0.1318545669637468,512,13,3.860247924530435,0.34551544237322923,1.2503206485687435,0.9167068470495184,121,,COMPLETE
25,0.9285837529176093,2026-09-25 16:10:32.373542,2026-09-25 16:10:49.053634,0 days 00:00:16.680092,0.7451299569627121,1.2079155059774669,2.0021155083867064,0.0958154266158523,512,12,14.862020794480957,0.14963922940308025,0.515414574912736,0.8400634437835968,149,,COMPLETE
26,0.9280949741525567,2026-09-25 16:10:49.053634,2026-09-25 16:11:09.369297,0 days 00:00:20.315663,0.5576162489512038,0.3786799518566943,1.8004955724585505,0.14573810069857623,512,14,5.869425466697252,0.9209155451227639,0.8027891734545782,0.841284945814764,134,,COMPLETE
27,0.9284215621999508,2026-09-25 16:11:09.369297,2026-09-25 16:11:24.867839,0 days 00:00:15.498542,0.6166921719196208,2.0774077051260664,2.970998415094095,0.1123346676740558,512,13,7.590731656014602,0.023078664181245285,0.6516818352406581,0.946437615405105,133,,COMPLETE
28,0.9287925761167956,2026-09-25 16:11:24.867839,2026-09-25 16:11:42.377815,0 days 00:00:17.509976,0.6742864032501201,1.068100871091795,1.60441090067058,0.08549366625817698,512,11,3.4124547748267315,0.258061800727176,0.9066670744052916,0.7656722053911771,166,,COMPLETE
29,0.9290545751129342,2026-09-25 16:11:42.377815,2026-09-25 16:12:08.003062,0 days 00:00:25.625247,0.8218376807582473,0.01685248058390132,1.313527564479048,0.07690808396709156,512,12,4.7580775274523095,1.200278410886787,1.116152497689973,0.9019867338360261,141,,COMPLETE
